<?xml version="1.0" encoding="UTF-8"?>
<testng-results skipped="0" failed="0" total="2" passed="2">
  <reporter-output>
  </reporter-output>
  <suite name="Suite" duration-ms="21772" started-at="2020-07-20T06:37:11Z" finished-at="2020-07-20T06:37:33Z">
    <groups>
    </groups>
    <test name="Test" duration-ms="21772" started-at="2020-07-20T06:37:11Z" finished-at="2020-07-20T06:37:33Z">
      <class name="com.AutomationTask.DemoProject.TestCase1">
        <test-method status="PASS" signature="launchDriver()[pri:0, instance:com.AutomationTask.DemoProject.TestCase1@6fb554cc]" name="launchDriver" is-config="true" duration-ms="7333" started-at="2020-07-20T12:07:11Z" finished-at="2020-07-20T12:07:19Z">
          <reporter-output>
          </reporter-output>
        </test-method> <!-- launchDriver -->
        <test-method status="PASS" signature="test1()[pri:0, instance:com.AutomationTask.DemoProject.TestCase1@6fb554cc]" name="test1" duration-ms="4275" started-at="2020-07-20T12:07:19Z" finished-at="2020-07-20T12:07:23Z">
          <reporter-output>
          </reporter-output>
        </test-method> <!-- test1 -->
        <test-method status="PASS" signature="quit()[pri:0, instance:com.AutomationTask.DemoProject.TestCase1@6fb554cc]" name="quit" is-config="true" duration-ms="1942" started-at="2020-07-20T12:07:23Z" finished-at="2020-07-20T12:07:25Z">
          <reporter-output>
          </reporter-output>
        </test-method> <!-- quit -->
        <test-method status="PASS" signature="launchDriver()[pri:0, instance:com.AutomationTask.DemoProject.TestCase1@6fb554cc]" name="launchDriver" is-config="true" duration-ms="3189" started-at="2020-07-20T12:07:25Z" finished-at="2020-07-20T12:07:28Z">
          <reporter-output>
          </reporter-output>
        </test-method> <!-- launchDriver -->
        <test-method status="PASS" signature="test3()[pri:0, instance:com.AutomationTask.DemoProject.TestCase1@6fb554cc]" name="test3" duration-ms="3976" started-at="2020-07-20T12:07:28Z" finished-at="2020-07-20T12:07:32Z">
          <reporter-output>
          </reporter-output>
        </test-method> <!-- test3 -->
        <test-method status="PASS" signature="quit()[pri:0, instance:com.AutomationTask.DemoProject.TestCase1@6fb554cc]" name="quit" is-config="true" duration-ms="1038" started-at="2020-07-20T12:07:32Z" finished-at="2020-07-20T12:07:33Z">
          <reporter-output>
          </reporter-output>
        </test-method> <!-- quit -->
      </class> <!-- com.AutomationTask.DemoProject.TestCase1 -->
    </test> <!-- Test -->
  </suite> <!-- Suite -->
</testng-results>
